<?xml version="1.0" encoding="UTF-8"?>
<testng-results skipped="0" failed="0" total="1" passed="1">
  <reporter-output>
  </reporter-output>
  <suite name="Default suite" duration-ms="223" started-at="2019-01-26T01:36:44Z" finished-at="2019-01-26T01:36:44Z">
    <groups>
    </groups>
    <test name="Default test" duration-ms="223" started-at="2019-01-26T01:36:44Z" finished-at="2019-01-26T01:36:44Z">
      <class name="com.linktest.Task">
        <test-method status="PASS" signature="launch_Browser()[pri:0, instance:com.linktest.Task@56dfcb]" name="launch_Browser" is-config="true" duration-ms="14525" started-at="2019-01-25T20:36:29Z" finished-at="2019-01-25T20:36:44Z">
          <reporter-output>
          </reporter-output>
        </test-method> <!-- launch_Browser -->
        <test-method status="PASS" signature="beforeMethod()[pri:0, instance:com.linktest.Task@56dfcb]" name="beforeMethod" is-config="true" duration-ms="0" started-at="2019-01-25T20:36:44Z" finished-at="2019-01-25T20:36:44Z">
          <reporter-output>
          </reporter-output>
        </test-method> <!-- beforeMethod -->
        <test-method status="PASS" signature="Verify_Home()[pri:0, instance:com.linktest.Task@56dfcb]" name="Verify_Home" duration-ms="197" started-at="2019-01-25T20:36:44Z" finished-at="2019-01-25T20:36:44Z">
          <reporter-output>
          </reporter-output>
        </test-method> <!-- Verify_Home -->
        <test-method status="PASS" signature="Close_Browser()[pri:0, instance:com.linktest.Task@56dfcb]" name="Close_Browser" is-config="true" duration-ms="107" started-at="2019-01-25T20:36:44Z" finished-at="2019-01-25T20:36:44Z">
          <reporter-output>
          </reporter-output>
        </test-method> <!-- Close_Browser -->
      </class> <!-- com.linktest.Task -->
    </test> <!-- Default test -->
  </suite> <!-- Default suite -->
</testng-results>
